<?xml version="1.0" encoding="UTF-8"?>
<!-- Generated by org.testng.reporters.JUnitXMLReporter -->
<testsuite ignored="0" hostname="192.168.1.3" failures="0" tests="4" name="Users Test" time="4.186" errors="0" timestamp="2022-05-16T19:35:32 WIB">
  <testcase classname="users.ListUserTest" name="SuccessGetListUsers" time="2.236"/>
  <testcase classname="users.SingleUserTest" name="SuccessGetSingleUser" time="0.256"/>
  <testcase classname="users.CreateUserTest" name="SuccessCreateUser" time="0.652"/>
  <testcase classname="users.UpdateUserTest" name="SuccessUpdateUser" time="0.571"/>
</testsuite> <!-- Users Test -->
