<?xml version="1.0" encoding="UTF-8"?>
<!-- Generated by org.testng.reporters.JUnitXMLReporter -->
<testsuite ignored="0" hostname="192.168.1.45" failures="0" tests="6" name="Command line test" time="5.799" errors="0" timestamp="2022-05-16T14:36:24 WIB">
  <testcase classname="FirstTest" name="testing" time="2.349"/>
  <testcase classname="users.ListUserTest" name="SuccessGetListUsers" time="0.419"/>
  <testcase classname="CreateUserTest" name="SuccessCreateUser" time="2.122"/>
  <testcase classname="CreateUserTest" name="SuccessCreateUser" time="0.86"/>
  <testcase classname="CreateUserTest" name="TestingDataProvider" time="0.001"/>
  <testcase classname="CreateUserTest" name="TestingDataProvider" time="0.0"/>
</testsuite> <!-- Command line test -->
